<?xml version="1.0" encoding="UTF-8"?>
<!-- Generated by org.testng.reporters.JUnitXMLReporter -->
<testsuite ignored="2" hostname="LAPTOP-J15UI2E7" failures="1" tests="3" name="SuiteTestListeners(failed)" time="0.056" errors="0" timestamp="2022-03-03T10:32:35 IST">
  <testcase classname="testnglistenershandson.Runner" name="test2" time="0.009">
    <skipped/>
  </testcase> <!-- test2 -->
  <testcase classname="testnglistenershandson.Runner" name="test2" time="0.002">
    <skipped/>
  </testcase> <!-- test2 -->
  <testcase classname="testnglistenershandson.Runner" name="test2" time="0.001">
    <failure type="java.lang.AssertionError" message="expected [true] but found [false]">
      <![CDATA[java.lang.AssertionError: expected [true] but found [false]
at testnglistenershandson.Runner.test2(Runner.java:52)
at java.base/java.util.ArrayList.forEach(ArrayList.java:1511)
... Removed 31 stack frames]]>
    </failure>
  </testcase> <!-- test2 -->
  <testcase classname="testnglistenershandson.Runner" name="test3" time="0.0">
    <ignored/>
  </testcase> <!-- test3 -->
  <testcase classname="testnglistenershandson.Runner" name="test1" time="0.0">
    <ignored/>
  </testcase> <!-- test1 -->
</testsuite> <!-- SuiteTestListeners(failed) -->
